<?xml version="1.0" encoding="UTF-8"?>
<testng-results ignored="0" total="1" passed="1" failed="0" skipped="0">
  <reporter-output>
  </reporter-output>
  <suite started-at="2024-05-03T10:24:03 IST" name="Default suite" finished-at="2024-05-03T10:25:03 IST" duration-ms="60871">
    <groups>
    </groups>
    <test started-at="2024-05-03T10:24:03 IST" name="Default test" finished-at="2024-05-03T10:25:03 IST" duration-ms="60871">
      <class name="WEB_APPS.web_apps_masai">
        <test-method is-config="true" signature="cap()[pri:0, instance:WEB_APPS.web_apps_masai@28f3b248]" started-at="2024-05-03T10:24:03 IST" name="cap" finished-at="2024-05-03T10:24:49 IST" duration-ms="46389" status="PASS">
          <reporter-output>
          </reporter-output>
        </test-method> <!-- cap -->
        <test-method signature="test()[pri:0, instance:WEB_APPS.web_apps_masai@28f3b248]" started-at="2024-05-03T10:24:49 IST" name="test" finished-at="2024-05-03T10:25:03 IST" duration-ms="14421" status="PASS">
          <reporter-output>
          </reporter-output>
        </test-method> <!-- test -->
      </class> <!-- WEB_APPS.web_apps_masai -->
    </test> <!-- Default test -->
  </suite> <!-- Default suite -->
</testng-results>
